2025-06-11 22:16:33 - __main__ - INFO - Starting enhanced metadata consolidation with validation
2025-06-11 22:16:33 - __main__ - INFO - Schema validation: reporting only
2025-06-11 22:16:33 - __main__ - INFO - Scanning directories: ['/app/data/ebi', '/app/data/epfl', '/app/data/flyem', '/app/data/idr', '/app/data/openorganelle']
2025-06-11 22:16:34 - __main__ - INFO - Found 28 candidate metadata files
2025-06-11 22:16:34 - __main__ - INFO - Valid metadata: F57-8_test1_3VBSED_slice_0015_20250611_212101_metadata.json (ebi)
2025-06-11 22:16:34 - __main__ - INFO - Valid metadata: F57-8_test1_3VBSED_slice_0010_20250611_212059_metadata.json (ebi)
2025-06-11 22:16:34 - __main__ - INFO - Valid metadata: F57-8_test1_3VBSED_slice_0011_20250611_212059_metadata.json (ebi)
2025-06-11 22:16:34 - __main__ - INFO - Valid metadata: F57-8_test1_3VBSED_slice_0013_20250611_212100_metadata.json (ebi)
2025-06-11 22:16:34 - __main__ - INFO - Valid metadata: F57-8_test1_3VBSED_slice_0005_20250611_212057_metadata.json (ebi)
2025-06-11 22:16:34 - __main__ - INFO - Valid metadata: F57-8_test1_3VBSED_slice_0014_20250611_212100_metadata.json (ebi)
2025-06-11 22:16:34 - __main__ - INFO - Valid metadata: F57-8_test1_3VBSED_slice_0001_20250611_212056_metadata.json (ebi)
2025-06-11 22:16:34 - __main__ - INFO - Valid metadata: F57-8_test1_3VBSED_slice_0002_20250611_212057_metadata.json (ebi)
2025-06-11 22:16:34 - __main__ - INFO - Valid metadata: F57-8_test1_3VBSED_slice_0007_20250611_212058_metadata.json (ebi)
2025-06-11 22:16:34 - __main__ - INFO - Valid metadata: F57-8_test1_3VBSED_slice_0008_20250611_212058_metadata.json (ebi)
2025-06-11 22:16:34 - __main__ - INFO - Valid metadata: F57-8_test1_3VBSED_slice_0004_20250611_212057_metadata.json (ebi)
2025-06-11 22:16:34 - __main__ - INFO - Valid metadata: F57-8_test1_3VBSED_slice_0012_20250611_212100_metadata.json (ebi)
2025-06-11 22:16:34 - __main__ - INFO - Valid metadata: F57-8_test1_3VBSED_slice_0009_20250611_212058_metadata.json (ebi)
2025-06-11 22:16:34 - __main__ - INFO - Valid metadata: F57-8_test1_3VBSED_slice_0003_20250611_212057_metadata.json (ebi)
2025-06-11 22:16:34 - __main__ - INFO - Valid metadata: F57-8_test1_3VBSED_slice_0006_20250611_212058_metadata.json (ebi)
2025-06-11 22:16:34 - __main__ - INFO - Valid metadata: F57-8_test1_3VBSED_slice_0000_20250611_212056_metadata.json (ebi)
2025-06-11 22:16:34 - __main__ - INFO - Valid metadata: metadata_20250611_211753.json (epfl)
2025-06-11 22:16:34 - __main__ - INFO - Valid metadata: crop_z7296_y1639_x18024_20250611_211821_metadata.json (flyem)
2025-06-11 22:16:34 - __main__ - INFO - Valid metadata: metadata_9846137_20250611_211755.json (idr)
2025-06-11 22:16:34 - __main__ - INFO - Valid metadata: metadata_fibsem-int16_s5_20250611_212106.json (openorganelle)
2025-06-11 22:16:34 - __main__ - INFO - Valid metadata: metadata_fibsem-int16_s0_20250611_212106.json (openorganelle)
2025-06-11 22:16:34 - __main__ - INFO - Valid metadata: metadata_fibsem-int16_s4_20250611_212106.json (openorganelle)
2025-06-11 22:16:34 - __main__ - INFO - Valid metadata: metadata_fibsem-int16_s1_20250611_212106.json (openorganelle)
2025-06-11 22:16:34 - __main__ - INFO - Valid metadata: metadata_fibsem-int16_s2_20250611_212106.json (openorganelle)
2025-06-11 22:16:34 - __main__ - INFO - Valid metadata: metadata_fibsem-int16_s7_20250611_212106.json (openorganelle)
2025-06-11 22:16:34 - __main__ - INFO - Valid metadata: metadata_fibsem-int16_s8_20250611_212106.json (openorganelle)
2025-06-11 22:16:34 - __main__ - INFO - Valid metadata: metadata_fibsem-int16_s3_20250611_212106.json (openorganelle)
2025-06-11 22:16:34 - __main__ - INFO - Valid metadata: metadata_fibsem-int16_s6_20250611_212106.json (openorganelle)
2025-06-11 22:16:34 - __main__ - INFO - CONSOLIDATION SUMMARY
2025-06-11 22:16:34 - __main__ - INFO - Found 10 distinct metadata keys across 5 sources
2025-06-11 22:16:34 - __main__ - INFO - Processed 28/28 files
2025-06-11 22:16:34 - __main__ - INFO - Schema validation: 28 valid, 0 invalid (100.0% valid)
2025-06-11 22:16:34 - __main__ - INFO - Sources found: flyem, epfl, openorganelle, ebi, idr
2025-06-11 22:16:34 - __main__ - INFO - Output files:
2025-06-11 22:16:34 - __main__ - INFO -   Enhanced catalog: /app/metadata/metadata_catalog_20250611_221633.json
2025-06-11 22:16:34 - __main__ - INFO -   Validation report: /app/metadata/validation_report_20250611_221633.json
2025-06-11 22:16:34 - __main__ - INFO -   Processing log: /app/metadata/metadata_catalog_20250611_221633.log
