Compose can now delegate builds to bake for better performance.
 To do so, set COMPOSE_BAKE=true.
#0 building with "desktop-linux" instance using docker driver

#1 [consolidate internal] load build definition from Dockerfile
#1 transferring dockerfile: 243B 0.0s done
#1 DONE 0.1s

#2 [consolidate internal] load metadata for docker.io/library/python:3.11-slim
#2 ...

#3 [consolidate auth] library/python:pull token for registry-1.docker.io
#3 DONE 0.0s

#2 [consolidate internal] load metadata for docker.io/library/python:3.11-slim
#2 DONE 1.2s

#4 [consolidate internal] load .dockerignore
#4 transferring context: 2B done
#4 DONE 0.0s

#5 [consolidate internal] load build context
#5 transferring context: 14.71kB done
#5 DONE 0.0s

#6 [consolidate 1/3] FROM docker.io/library/python:3.11-slim@sha256:7a3ed1226224bcc1fe5443262363d42f48cf832a540c1836ba8ccbeaadf8637c
#6 resolve docker.io/library/python:3.11-slim@sha256:7a3ed1226224bcc1fe5443262363d42f48cf832a540c1836ba8ccbeaadf8637c 0.0s done
#6 sha256:7a3ed1226224bcc1fe5443262363d42f48cf832a540c1836ba8ccbeaadf8637c 9.13kB / 9.13kB done
#6 sha256:5fb2066229a0b08b0dbd3c2b390b5d5970c074f60db82bdf3a99d257ed0afd8e 1.75kB / 1.75kB done
#6 sha256:b5b258766481e1feb44556c37b203a7bfe17b68b9c6b60d60de7b66b5ca2e00e 5.37kB / 5.37kB done
#6 sha256:91e6593878cc4b0d4c9eccb12c18fd9f2b266d35bc2da149439d43831180748d 0B / 3.51MB 0.1s
#6 sha256:c229bae17638423fbdc6680d790085a4262c8ee672c4d380e5bff27411abae99 0B / 16.21MB 0.1s
#6 sha256:befce167985323633ac1acd06bd4fc78cefb02f4215bf323c807c5c65edbd9f5 250B / 250B 0.1s done
#6 sha256:91e6593878cc4b0d4c9eccb12c18fd9f2b266d35bc2da149439d43831180748d 2.10MB / 3.51MB 0.3s
#6 sha256:c229bae17638423fbdc6680d790085a4262c8ee672c4d380e5bff27411abae99 6.29MB / 16.21MB 0.3s
#6 sha256:91e6593878cc4b0d4c9eccb12c18fd9f2b266d35bc2da149439d43831180748d 3.51MB / 3.51MB 0.3s done
#6 sha256:c229bae17638423fbdc6680d790085a4262c8ee672c4d380e5bff27411abae99 11.53MB / 16.21MB 0.4s
#6 extracting sha256:91e6593878cc4b0d4c9eccb12c18fd9f2b266d35bc2da149439d43831180748d 0.1s
#6 sha256:c229bae17638423fbdc6680d790085a4262c8ee672c4d380e5bff27411abae99 16.21MB / 16.21MB 0.5s
#6 sha256:c229bae17638423fbdc6680d790085a4262c8ee672c4d380e5bff27411abae99 16.21MB / 16.21MB 0.5s done
#6 extracting sha256:91e6593878cc4b0d4c9eccb12c18fd9f2b266d35bc2da149439d43831180748d 0.4s done
#6 extracting sha256:c229bae17638423fbdc6680d790085a4262c8ee672c4d380e5bff27411abae99
#6 extracting sha256:c229bae17638423fbdc6680d790085a4262c8ee672c4d380e5bff27411abae99 1.9s done
#6 extracting sha256:befce167985323633ac1acd06bd4fc78cefb02f4215bf323c807c5c65edbd9f5
#6 extracting sha256:befce167985323633ac1acd06bd4fc78cefb02f4215bf323c807c5c65edbd9f5 done
#6 DONE 2.9s

#7 [consolidate 2/3] WORKDIR /app
#7 DONE 0.1s

#8 [consolidate 3/3] COPY *.py .
#8 DONE 0.0s

#9 [consolidate] exporting to image
#9 exporting layers 0.0s done
#9 writing image sha256:a6b08d522942f7d534f767fe9c70dc566cf3ecc03ccf1ded3b1a46329a515c1b done
#9 naming to docker.io/library/electron-microscopy-ingest-consolidate done
#9 DONE 0.0s

#10 [consolidate] resolving provenance for metadata file
#10 DONE 0.0s
Traceback (most recent call last):
  File "/app/code/main.py", line 14, in <module>
    from metadata_manager import MetadataManager
  File "/app/lib/metadata_manager.py", line 19, in <module>
    import jsonschema
ModuleNotFoundError: No module named 'jsonschema'

