2025-06-07 05:19:48 - config_manager - INFO - Loaded configuration from /app/config/config.yaml
2025-06-07 05:19:48 - __main__ - INFO - Ensured output directory exists: ./data/flyem
2025-06-07 05:19:48 - __main__ - INFO - Querying node-specific info: GET https://hemibrain-dvid.janelia.org/api/node/a89eb3af216a46cdba81204d8f954786/grayscale/info
2025-06-07 05:19:48 - __main__ - INFO - Raw /info response:
{
  "Base": {
    "TypeName": "uint8blk",
    "TypeURL": "github.com/janelia-flyem/dvid/datatype/imageblk/uint8.go",
    "TypeVersion": "0.2",
    "DataUUID": "be657e3e00df40f2904282648a330bbc",
    "Name": "grayscale",
    "RepoUUID": "a89eb3af216a46cdba81204d8f954786",
    "Compression": "LZ4 compression, level -1",
    "Checksum": "No checksum",
    "Syncs": [],
    "Versioned": true,
    "KVStore": "google cloud storage, bucket hemibrain-raw-grayscale",
    "LogStore": "no mutation log set",
    "Tags": null
  },
  "Extended": {
    "Values": [
      {
        "DataType": "uint8",
        "Label": "uint8"
      }
    ],
    "Interpolable": true,
    "BlockSize": [
      64,
      64,
      64
    ],
    "VoxelSize": [
      8,
      8,
      8
    ],
    "VoxelUnits": [
      "nanometers",
      "nanometers",
      "nanometers"
    ],
    "MinPoint": [
      0,
      0,
      0
    ],
    "MaxPoint": [
      34431,
      39724,
      41407
    ],
    "MinIndex": [
      0,
      0,
      0
    ],
    "MaxIndex": [
      537,
      620,
      646
    ],
    "Background": 0,
    "GridStore": "",
    "ScaleLevel": 0
  },
  "Extents": {
    "MinPoint": [
      0,
      0,
      0
    ],
    "MaxPoint": [
      34431,
      39724,
      41407
    ]
  }
}
2025-06-07 05:19:48 - __main__ - INFO - Found 'Extents.MinPoint' = (0, 0, 0), 'Extents.MaxPoint' = (34431, 39724, 41407)
2025-06-07 05:19:48 - __main__ - INFO - Fetching raw-grayscale: origin=(7296, 1639, 18024), size=(1000, 1000, 1000)
2025-06-07 05:19:48 - __main__ - INFO - DVID GET https://hemibrain-dvid.janelia.org/api/node/a89eb3af216a46cdba81204d8f954786/grayscale/raw/0_1_2/1000_1000_1000/18024_1639_7296
2025-06-07 05:21:17 - __main__ - INFO - Saved 3D volume -> /app/data/flyem/crop_z7296_y1639_x18024_20250607_051948.npy
2025-06-07 05:21:17 - __main__ - INFO - Saved metadata -> /app/data/flyem/crop_z7296_y1639_x18024_20250607_051948_metadata.json
